Determining if the function sgemm_ exists failed with the following output:
Change Dir: D:/GIT_RPS/Just-repository/Conv_neural2/Conv_neural/library/CImg/examples/out/build/x64-Debug/CMakeFiles/CMakeTmp

Run Build Command(s):C:/Program Files (x86)/Microsoft Visual Studio/2019/Community/Common7/IDE/CommonExtensions/Microsoft/CMake/Ninja/ninja.exe cmTC_27e00 && [1/2] Building C object CMakeFiles\cmTC_27e00.dir\CheckFunctionExists.c.obj
[2/2] Linking C executable cmTC_27e00.exe
FAILED: cmTC_27e00.exe 
cmd.exe /C "cd . && "C:\Program Files (x86)\Microsoft Visual Studio\2019\Community\Common7\IDE\CommonExtensions\Microsoft\CMake\CMake\bin\cmake.exe" -E vs_link_exe --intdir=CMakeFiles\cmTC_27e00.dir --rc=C:\PROGRA~2\WI3CF2~1\10\bin\100190~1.0\x64\rc.exe --mt=C:\PROGRA~2\WI3CF2~1\10\bin\100190~1.0\x64\mt.exe --manifests  -- C:\PROGRA~2\MICROS~2\2019\COMMUN~1\VC\Tools\MSVC\1428~1.299\bin\Hostx64\x64\link.exe /nologo CMakeFiles\cmTC_27e00.dir\CheckFunctionExists.c.obj  /out:cmTC_27e00.exe /implib:cmTC_27e00.lib /pdb:cmTC_27e00.pdb /version:0.0 /machine:x64  /debug /INCREMENTAL /subsystem:console  kernel32.lib user32.lib gdi32.lib winspool.lib shell32.lib ole32.lib oleaut32.lib uuid.lib comdlg32.lib advapi32.lib && cd ."
LINK Pass 1: command "C:\PROGRA~2\MICROS~2\2019\COMMUN~1\VC\Tools\MSVC\1428~1.299\bin\Hostx64\x64\link.exe /nologo CMakeFiles\cmTC_27e00.dir\CheckFunctionExists.c.obj /out:cmTC_27e00.exe /implib:cmTC_27e00.lib /pdb:cmTC_27e00.pdb /version:0.0 /machine:x64 /debug /INCREMENTAL /subsystem:console kernel32.lib user32.lib gdi32.lib winspool.lib shell32.lib ole32.lib oleaut32.lib uuid.lib comdlg32.lib advapi32.lib /MANIFEST /MANIFESTFILE:CMakeFiles\cmTC_27e00.dir/intermediate.manifest CMakeFiles\cmTC_27e00.dir/manifest.res" failed (exit code 1120) with the following output:
CheckFunctionExists.c.obj : error LNK2019: ссылка на неразрешенный внешний символ sgemm_ в функции main.
cmTC_27e00.exe : fatal error LNK1120: неразрешенных внешних элементов: 1
ninja: build stopped: subcommand failed.



Determining if the include file pthread.h exists failed with the following output:
Change Dir: D:/GIT_RPS/Just-repository/Conv_neural2/Conv_neural/library/CImg/examples/out/build/x64-Debug/CMakeFiles/CMakeTmp

Run Build Command(s):C:/Program Files (x86)/Microsoft Visual Studio/2019/Community/Common7/IDE/CommonExtensions/Microsoft/CMake/Ninja/ninja.exe cmTC_36077 && [1/2] Building C object CMakeFiles\cmTC_36077.dir\CheckIncludeFile.c.obj
FAILED: CMakeFiles/cmTC_36077.dir/CheckIncludeFile.c.obj 
C:\PROGRA~2\MICROS~2\2019\COMMUN~1\VC\Tools\MSVC\1428~1.299\bin\Hostx64\x64\cl.exe  /nologo   /DWIN32 /D_WINDOWS /W3  /MDd /Zi /Ob0 /Od /RTC1 /showIncludes /FoCMakeFiles\cmTC_36077.dir\CheckIncludeFile.c.obj /FdCMakeFiles\cmTC_36077.dir\ /FS -c CheckIncludeFile.c
CheckIncludeFile.c(1): fatal error C1083: Не удается открыть файл включение: pthread.h: No such file or directory,
ninja: build stopped: subcommand failed.



